Determining if the include file pthread.h exists failed with the following output:
Change Dir: C:/Users/Sven/Desktop/CompositeApp/src/3rdParty/gmock-1.7.0/MSVC2015/CMakeFiles/CMakeTmp

Run Build Command:"C:/Program Files (x86)/MSBuild/14.0/bin/MSBuild.exe" "cmTC_a4ca7.vcxproj" "/p:Configuration=Debug" "/p:VisualStudioVersion=14.0"
Microsoft (R)-Buildmodul, Version 14.0.24730.2
Copyright (C) Microsoft Corporation. Alle Rechte vorbehalten.

Der Buildvorgang wurde am 06.12.2016 19:52:34 gestartet.
Das in einem BeforeTargets-Attribut bei "C:\Program Files (x86)\MSBuild\Microsoft\NuGet\Microsoft.NuGet.targets (186,61)" aufgefhrte Ziel "BeforeGenerateProjectPriFile" ist nicht im Projekt vorhanden und wird daher ignoriert.
Projekt "C:\Users\Sven\Desktop\CompositeApp\src\3rdParty\gmock-1.7.0\MSVC2015\CMakeFiles\CMakeTmp\cmTC_a4ca7.vcxproj" auf Knoten "1" (Standardziele).
PrepareForBuild:
  Das Verzeichnis "cmTC_a4ca7.dir\Debug\" wird erstellt.
  Das Verzeichnis "C:\Users\Sven\Desktop\CompositeApp\src\3rdParty\gmock-1.7.0\MSVC2015\CMakeFiles\CMakeTmp\Debug\" wird erstellt.
  Das Verzeichnis "cmTC_a4ca7.dir\Debug\cmTC_a4ca7.tlog\" wird erstellt.
InitializeBuildStatus:
  "cmTC_a4ca7.dir\Debug\cmTC_a4ca7.tlog\unsuccessfulbuild" wird erstellt, da "AlwaysCreate" angegeben wurde.
ClCompile:
  D:\Programme (x86)\Microsoft Visual Studio 14.0\VC\bin\x86_amd64\CL.exe /c /Zi /W3 /WX- /Od /Ob0 /D WIN32 /D _WINDOWS /D _DEBUG /D "CMAKE_INTDIR=\"Debug\"" /D _MBCS /Gm- /RTC1 /MDd /GS /fp:precise /Zc:wchar_t /Zc:forScope /Zc:inline /Fo"cmTC_a4ca7.dir\Debug\\" /Fd"cmTC_a4ca7.dir\Debug\vc140.pdb" /Gd /TC /errorReport:queue "C:\Users\Sven\Desktop\CompositeApp\src\3rdParty\gmock-1.7.0\MSVC2015\CMakeFiles\CMakeTmp\CheckIncludeFile.c"
  Microsoft (R) C/C++ Optimizing Compiler Version 19.00.23506 for x64
  Copyright (C) Microsoft Corporation.  All rights reserved.
  
  cl /c /Zi /W3 /WX- /Od /Ob0 /D WIN32 /D _WINDOWS /D _DEBUG /D "CMAKE_INTDIR=\"Debug\"" /D _MBCS /Gm- /RTC1 /MDd /GS /fp:precise /Zc:wchar_t /Zc:forScope /Zc:inline /Fo"cmTC_a4ca7.dir\Debug\\" /Fd"cmTC_a4ca7.dir\Debug\vc140.pdb" /Gd /TC /errorReport:queue "C:\Users\Sven\Desktop\CompositeApp\src\3rdParty\gmock-1.7.0\MSVC2015\CMakeFiles\CMakeTmp\CheckIncludeFile.c"
  
  CheckIncludeFile.c
C:\Users\Sven\Desktop\CompositeApp\src\3rdParty\gmock-1.7.0\MSVC2015\CMakeFiles\CMakeTmp\CheckIncludeFile.c(1): fatal error C1083: Cannot open include file: 'pthread.h': No such file or directory [C:\Users\Sven\Desktop\CompositeApp\src\3rdParty\gmock-1.7.0\MSVC2015\CMakeFiles\CMakeTmp\cmTC_a4ca7.vcxproj]
Die Erstellung des Projekts "C:\Users\Sven\Desktop\CompositeApp\src\3rdParty\gmock-1.7.0\MSVC2015\CMakeFiles\CMakeTmp\cmTC_a4ca7.vcxproj" ist abgeschlossen (Standardziele) -- FEHLER.

Fehler beim Buildvorgang.

"C:\Users\Sven\Desktop\CompositeApp\src\3rdParty\gmock-1.7.0\MSVC2015\CMakeFiles\CMakeTmp\cmTC_a4ca7.vcxproj" (Standardziel) (1) ->
(ClCompile Ziel) -> 
  C:\Users\Sven\Desktop\CompositeApp\src\3rdParty\gmock-1.7.0\MSVC2015\CMakeFiles\CMakeTmp\CheckIncludeFile.c(1): fatal error C1083: Cannot open include file: 'pthread.h': No such file or directory [C:\Users\Sven\Desktop\CompositeApp\src\3rdParty\gmock-1.7.0\MSVC2015\CMakeFiles\CMakeTmp\cmTC_a4ca7.vcxproj]

    0 Warnung(en)
    1 Fehler

Verstrichene Zeit 00:00:01.03


